<?xml version="1.0" encoding="UTF-8"?>
<?totaltestVersion 19.4.1.v20190319-1916_877?>
<!--Topaz for Total Test 19.4.1.v20190319-1916_877 2020/03/15 17:30:42-->
<testsuites>
  <testsuite errors="0" failures="0" name="CWXTCOB_test.CWXTSUBC_Scenario.00001: CWXTSUBCCase1" tests="3">
    <testcase classname="CWXTCOB_test.CWXTSUBC_Scenario.00001: CWXTSUBCCase1" name="00001: Check for EMP_TYPE"/>
    <testcase classname="CWXTCOB_test.CWXTSUBC_Scenario.00001: CWXTSUBCCase1" name="00002: Check for SALES_AMOUNT"/>
    <testcase classname="CWXTCOB_test.CWXTSUBC_Scenario.00001: CWXTSUBCCase1" name="00003: Check for COMM_TOTAL"/>
  </testsuite>
  <testsuite errors="0" failures="0" name="CWXTCOB_test.CWXTSUBC_Scenario.00002: CWXTSUBCCase2" tests="3">
    <testcase classname="CWXTCOB_test.CWXTSUBC_Scenario.00002: CWXTSUBCCase2" name="00001: Check for EMP_TYPE"/>
    <testcase classname="CWXTCOB_test.CWXTSUBC_Scenario.00002: CWXTSUBCCase2" name="00002: Check for SALES_AMOUNT"/>
    <testcase classname="CWXTCOB_test.CWXTSUBC_Scenario.00002: CWXTSUBCCase2" name="00003: Check for COMM_TOTAL"/>
  </testsuite>
  <testsuite errors="0" failures="0" name="CWXTCOB_test.CWXTSUBC_Scenario.00003: CWXTSUBCCase4" tests="3">
    <testcase classname="CWXTCOB_test.CWXTSUBC_Scenario.00003: CWXTSUBCCase4" name="00001: Check for EMP_TYPE"/>
    <testcase classname="CWXTCOB_test.CWXTSUBC_Scenario.00003: CWXTSUBCCase4" name="00002: Check for SALES_AMOUNT"/>
    <testcase classname="CWXTCOB_test.CWXTSUBC_Scenario.00003: CWXTSUBCCase4" name="00003: Check for COMM_TOTAL"/>
  </testsuite>
  <testsuite errors="0" failures="1" name="CWXTCOB_test.CWXTSUBC_Scenario.00004: CWXTSUBCCase5" tests="3">
    <testcase classname="CWXTCOB_test.CWXTSUBC_Scenario.00004: CWXTSUBCCase5" name="00001: Check for EMP_TYPE"/>
    <testcase classname="CWXTCOB_test.CWXTSUBC_Scenario.00004: CWXTSUBCCase5" name="00002: Check for SALES_AMOUNT"/>
    <testcase classname="CWXTCOB_test.CWXTSUBC_Scenario.00004: CWXTSUBCCase5" name="00003: Check for COMM_TOTAL">
      <failure>Check for COMM_TOTAL failed

Actual Value:    1000.00

Expected Value:  = 500.00</failure>
    </testcase>
  </testsuite>
</testsuites>