<?xml version="1.0" encoding="UTF-8"?>
<?totaltestVersion 20.1.2.v20200113-1234_111?>
<!--Topaz for Total Test 20.1.2.v20200113-1234_111 2020/03/12 10:33:12-->
<testsuites>
  <testsuite errors="0" failures="0" name="CWXTCOB_test.CWXTCOB_Scenario.00001: CWXTCOBCase1" tests="0"/>
  <testsuite errors="0" failures="0" name="CWXTCOB_test.CWXTCOB_Scenario.00001: CWXTCOBCase1.CWXTCOB_DATETIME_01.00001: ACCEPT DATE assertion" tests="0">
    <testcase classname="CWXTCOB_test.CWXTCOB_Scenario.00001: CWXTCOBCase1.CWXTCOB_DATETIME_01.00001: ACCEPT DATE assertion" name="ACCEPT DATE"/>
  </testsuite>
</testsuites>