<?xml version="1.0" encoding="UTF-8"?>
<?totaltestVersion 20.1.2.v20200113-1234_111?>
<!--Topaz for Total Test 20.1.2.v20200113-1234_111 2020/03/12 10:33:12-->
<testsuites>
  <testsuite errors="0" failures="1" name="CWXTCOB_test.CWXTCOB_Scenario_00003.00001: CWXTCOBCase1" tests="3">
    <testcase classname="CWXTCOB_test.CWXTCOB_Scenario_00003.00001: CWXTCOBCase1" name="00001: Check for RETURN_CODE">
      <failure>Check for RETURN_CODE failed

Actual Value:    7777

Expected Value:  = 0</failure>
    </testcase>
    <testcase classname="CWXTCOB_test.CWXTCOB_Scenario_00003.00001: CWXTCOBCase1" name="00002: Check for PARM_LTH"/>
    <testcase classname="CWXTCOB_test.CWXTCOB_Scenario_00003.00001: CWXTCOBCase1" name="00003: Check for PARM_DATA"/>
  </testsuite>
  <testsuite errors="0" failures="3" name="CWXTCOB_test.CWXTCOB_Scenario_00003.00001: CWXTCOBCase1.CWXTCOB_CWXTDATE_03.00001: CWXTDATE assertion" tests="6">
    <testcase classname="CWXTCOB_test.CWXTCOB_Scenario_00003.00001: CWXTCOBCase1.CWXTCOB_CWXTDATE_03.00001: CWXTDATE assertion" name="00001: Check for END_OF_MONTH_SW"/>
    <testcase classname="CWXTCOB_test.CWXTCOB_Scenario_00003.00001: CWXTCOBCase1.CWXTCOB_CWXTDATE_03.00001: CWXTDATE assertion" name="00002: Check for YRS_OF_SERVICE"/>
    <testcase classname="CWXTCOB_test.CWXTCOB_Scenario_00003.00001: CWXTCOBCase1.CWXTCOB_CWXTDATE_03.00001: CWXTDATE assertion" name="00003: Check for TODAYS_DATE"/>
    <testcase classname="CWXTCOB_test.CWXTCOB_Scenario_00003.00001: CWXTCOBCase1.CWXTCOB_CWXTDATE_03.00001: CWXTDATE assertion" name="00004: Check for WA_EMP_HIRE_YY">
      <failure>Check for WA_EMP_HIRE_YY failed

Actual Value:    X'0000'

Expected Value:  = 81</failure>
    </testcase>
    <testcase classname="CWXTCOB_test.CWXTCOB_Scenario_00003.00001: CWXTCOBCase1.CWXTCOB_CWXTDATE_03.00001: CWXTDATE assertion" name="00005: Check for WA_EMP_HIRE_MM">
      <failure>Check for WA_EMP_HIRE_MM failed

Actual Value:    X'0000'

Expected Value:  = 10</failure>
    </testcase>
    <testcase classname="CWXTCOB_test.CWXTCOB_Scenario_00003.00001: CWXTCOBCase1.CWXTCOB_CWXTDATE_03.00001: CWXTDATE assertion" name="00006: Check for WA_EMP_HIRE_DD">
      <failure>Check for WA_EMP_HIRE_DD failed

Actual Value:    X'0000'

Expected Value:  = 15</failure>
    </testcase>
  </testsuite>
  <testsuite errors="0" failures="3" name="CWXTCOB_test.CWXTCOB_Scenario_00003.00001: CWXTCOBCase1.CWXTCOB_CWXTDATE_03.00002: CWXTDATE assertion" tests="6">
    <testcase classname="CWXTCOB_test.CWXTCOB_Scenario_00003.00001: CWXTCOBCase1.CWXTCOB_CWXTDATE_03.00002: CWXTDATE assertion" name="CWXTDATE"/>
  </testsuite>
  <testsuite errors="0" failures="3" name="CWXTCOB_test.CWXTCOB_Scenario_00003.00001: CWXTCOBCase1.CWXTCOB_CWXTDATE_03.00003: CWXTDATE assertion" tests="6">
    <testcase classname="CWXTCOB_test.CWXTCOB_Scenario_00003.00001: CWXTCOBCase1.CWXTCOB_CWXTDATE_03.00003: CWXTDATE assertion" name="CWXTDATE"/>
  </testsuite>
  <testsuite errors="0" failures="3" name="CWXTCOB_test.CWXTCOB_Scenario_00003.00001: CWXTCOBCase1.CWXTCOB_CWXTDATE_03.00004: CWXTDATE assertion" tests="6">
    <testcase classname="CWXTCOB_test.CWXTCOB_Scenario_00003.00001: CWXTCOBCase1.CWXTCOB_CWXTDATE_03.00004: CWXTDATE assertion" name="CWXTDATE"/>
  </testsuite>
  <testsuite errors="0" failures="3" name="CWXTCOB_test.CWXTCOB_Scenario_00003.00001: CWXTCOBCase1.CWXTCOB_CWXTDATE_03.00005: CWXTDATE assertion" tests="6">
    <testcase classname="CWXTCOB_test.CWXTCOB_Scenario_00003.00001: CWXTCOBCase1.CWXTCOB_CWXTDATE_03.00005: CWXTDATE assertion" name="CWXTDATE"/>
  </testsuite>
  <testsuite errors="0" failures="3" name="CWXTCOB_test.CWXTCOB_Scenario_00003.00001: CWXTCOBCase1.CWXTCOB_CWXTDATE_03.00006: CWXTDATE assertion" tests="6">
    <testcase classname="CWXTCOB_test.CWXTCOB_Scenario_00003.00001: CWXTCOBCase1.CWXTCOB_CWXTDATE_03.00006: CWXTDATE assertion" name="CWXTDATE"/>
  </testsuite>
  <testsuite errors="0" failures="3" name="CWXTCOB_test.CWXTCOB_Scenario_00003.00001: CWXTCOBCase1.CWXTCOB_CWXTDATE_03.00007: CWXTDATE assertion" tests="6">
    <testcase classname="CWXTCOB_test.CWXTCOB_Scenario_00003.00001: CWXTCOBCase1.CWXTCOB_CWXTDATE_03.00007: CWXTDATE assertion" name="CWXTDATE"/>
  </testsuite>
  <testsuite errors="0" failures="3" name="CWXTCOB_test.CWXTCOB_Scenario_00003.00001: CWXTCOBCase1.CWXTCOB_CWXTDATE_03.00008: CWXTDATE assertion" tests="6">
    <testcase classname="CWXTCOB_test.CWXTCOB_Scenario_00003.00001: CWXTCOBCase1.CWXTCOB_CWXTDATE_03.00008: CWXTDATE assertion" name="CWXTDATE"/>
  </testsuite>
  <testsuite errors="0" failures="3" name="CWXTCOB_test.CWXTCOB_Scenario_00003.00001: CWXTCOBCase1.CWXTCOB_CWXTDATE_03.00009: CWXTDATE assertion" tests="6">
    <testcase classname="CWXTCOB_test.CWXTCOB_Scenario_00003.00001: CWXTCOBCase1.CWXTCOB_CWXTDATE_03.00009: CWXTDATE assertion" name="CWXTDATE"/>
  </testsuite>
  <testsuite errors="0" failures="3" name="CWXTCOB_test.CWXTCOB_Scenario_00003.00001: CWXTCOBCase1.CWXTCOB_CWXTDATE_03.00010: CWXTDATE assertion" tests="6">
    <testcase classname="CWXTCOB_test.CWXTCOB_Scenario_00003.00001: CWXTCOBCase1.CWXTCOB_CWXTDATE_03.00010: CWXTDATE assertion" name="CWXTDATE"/>
  </testsuite>
  <testsuite errors="0" failures="3" name="CWXTCOB_test.CWXTCOB_Scenario_00003.00001: CWXTCOBCase1.CWXTCOB_CWXTDATE_03.00011: CWXTDATE assertion" tests="6">
    <testcase classname="CWXTCOB_test.CWXTCOB_Scenario_00003.00001: CWXTCOBCase1.CWXTCOB_CWXTDATE_03.00011: CWXTDATE assertion" name="CWXTDATE"/>
  </testsuite>
  <testsuite errors="0" failures="3" name="CWXTCOB_test.CWXTCOB_Scenario_00003.00001: CWXTCOBCase1.CWXTCOB_CWXTDATE_03.00012: CWXTDATE assertion" tests="6">
    <testcase classname="CWXTCOB_test.CWXTCOB_Scenario_00003.00001: CWXTCOBCase1.CWXTCOB_CWXTDATE_03.00012: CWXTDATE assertion" name="CWXTDATE"/>
  </testsuite>
  <testsuite errors="0" failures="3" name="CWXTCOB_test.CWXTCOB_Scenario_00003.00001: CWXTCOBCase1.CWXTCOB_CWXTDATE_03.00013: CWXTDATE assertion" tests="6">
    <testcase classname="CWXTCOB_test.CWXTCOB_Scenario_00003.00001: CWXTCOBCase1.CWXTCOB_CWXTDATE_03.00013: CWXTDATE assertion" name="CWXTDATE"/>
  </testsuite>
  <testsuite errors="0" failures="3" name="CWXTCOB_test.CWXTCOB_Scenario_00003.00001: CWXTCOBCase1.CWXTCOB_CWXTDATE_03.00014: CWXTDATE assertion" tests="6">
    <testcase classname="CWXTCOB_test.CWXTCOB_Scenario_00003.00001: CWXTCOBCase1.CWXTCOB_CWXTDATE_03.00014: CWXTDATE assertion" name="CWXTDATE"/>
  </testsuite>
  <testsuite errors="0" failures="3" name="CWXTCOB_test.CWXTCOB_Scenario_00003.00001: CWXTCOBCase1.CWXTCOB_CWXTDATE_03.00015: CWXTDATE assertion" tests="6">
    <testcase classname="CWXTCOB_test.CWXTCOB_Scenario_00003.00001: CWXTCOBCase1.CWXTCOB_CWXTDATE_03.00015: CWXTDATE assertion" name="CWXTDATE"/>
  </testsuite>
  <testsuite errors="0" failures="3" name="CWXTCOB_test.CWXTCOB_Scenario_00003.00001: CWXTCOBCase1.CWXTCOB_CWXTDATE_03.00016: CWXTDATE assertion" tests="6">
    <testcase classname="CWXTCOB_test.CWXTCOB_Scenario_00003.00001: CWXTCOBCase1.CWXTCOB_CWXTDATE_03.00016: CWXTDATE assertion" name="CWXTDATE"/>
  </testsuite>
  <testsuite errors="0" failures="3" name="CWXTCOB_test.CWXTCOB_Scenario_00003.00001: CWXTCOBCase1.CWXTCOB_CWXTDATE_03.00017: CWXTDATE assertion" tests="6">
    <testcase classname="CWXTCOB_test.CWXTCOB_Scenario_00003.00001: CWXTCOBCase1.CWXTCOB_CWXTDATE_03.00017: CWXTDATE assertion" name="CWXTDATE"/>
  </testsuite>
  <testsuite errors="0" failures="3" name="CWXTCOB_test.CWXTCOB_Scenario_00003.00001: CWXTCOBCase1.CWXTCOB_CWXTDATE_03.00018: CWXTDATE assertion" tests="6">
    <testcase classname="CWXTCOB_test.CWXTCOB_Scenario_00003.00001: CWXTCOBCase1.CWXTCOB_CWXTDATE_03.00018: CWXTDATE assertion" name="CWXTDATE"/>
  </testsuite>
  <testsuite errors="0" failures="3" name="CWXTCOB_test.CWXTCOB_Scenario_00003.00001: CWXTCOBCase1.CWXTCOB_CWXTDATE_03.00019: CWXTDATE assertion" tests="6">
    <testcase classname="CWXTCOB_test.CWXTCOB_Scenario_00003.00001: CWXTCOBCase1.CWXTCOB_CWXTDATE_03.00019: CWXTDATE assertion" name="CWXTDATE"/>
  </testsuite>
  <testsuite errors="0" failures="3" name="CWXTCOB_test.CWXTCOB_Scenario_00003.00001: CWXTCOBCase1.CWXTCOB_CWXTDATE_03.00020: CWXTDATE assertion" tests="6">
    <testcase classname="CWXTCOB_test.CWXTCOB_Scenario_00003.00001: CWXTCOBCase1.CWXTCOB_CWXTDATE_03.00020: CWXTDATE assertion" name="CWXTDATE"/>
  </testsuite>
  <testsuite errors="0" failures="3" name="CWXTCOB_test.CWXTCOB_Scenario_00003.00001: CWXTCOBCase1.CWXTCOB_CWXTDATE_03.00021: CWXTDATE assertion" tests="6">
    <testcase classname="CWXTCOB_test.CWXTCOB_Scenario_00003.00001: CWXTCOBCase1.CWXTCOB_CWXTDATE_03.00021: CWXTDATE assertion" name="CWXTDATE"/>
  </testsuite>
  <testsuite errors="0" failures="0" name="CWXTCOB_test.CWXTCOB_Scenario_00003.00001: CWXTCOBCase1.CWXTCOB_IGZXLOCT_03.00001: IGZXLOCT assertion" tests="0">
    <testcase classname="CWXTCOB_test.CWXTCOB_Scenario_00003.00001: CWXTCOBCase1.CWXTCOB_IGZXLOCT_03.00001: IGZXLOCT assertion" name="IGZXLOCT"/>
  </testsuite>
  <testsuite errors="1" failures="0" name="CWXTCOB_test.CWXTCOB_Scenario_00003.00001: CWXTCOBCase1.CWXTCOB_RPTFILE_FILE_03.00001: CWXTCOB_RPTFILE_FILE_03.RPTFILE assertion" tests="1">
    <testcase classname="CWXTCOB_test.CWXTCOB_Scenario_00003.00001: CWXTCOBCase1.CWXTCOB_RPTFILE_FILE_03.00001: CWXTCOB_RPTFILE_FILE_03.RPTFILE assertion" name="00001: Stub record incomplete">
      <error>Stub record has no output or output is empty.</error>
    </testcase>
  </testsuite>
  <testsuite errors="2" failures="0" name="CWXTCOB_test.CWXTCOB_Scenario_00003.00001: CWXTCOBCase1.CWXTCOB_RPTFILE_FILE_03.00002: CWXTCOB_RPTFILE_FILE_03.RPTFILE assertion" tests="2">
    <testcase classname="CWXTCOB_test.CWXTCOB_Scenario_00003.00001: CWXTCOBCase1.CWXTCOB_RPTFILE_FILE_03.00002: CWXTCOB_RPTFILE_FILE_03.RPTFILE assertion" name="00001: Stub record incomplete">
      <error>Stub record has no output or output is empty.</error>
    </testcase>
  </testsuite>
  <testsuite errors="3" failures="0" name="CWXTCOB_test.CWXTCOB_Scenario_00003.00001: CWXTCOBCase1.CWXTCOB_RPTFILE_FILE_03.00003: CWXTCOB_RPTFILE_FILE_03.RPTFILE assertion" tests="3">
    <testcase classname="CWXTCOB_test.CWXTCOB_Scenario_00003.00001: CWXTCOBCase1.CWXTCOB_RPTFILE_FILE_03.00003: CWXTCOB_RPTFILE_FILE_03.RPTFILE assertion" name="00001: Stub record incomplete">
      <error>Stub record has no output or output is empty.</error>
    </testcase>
  </testsuite>
  <testsuite errors="4" failures="0" name="CWXTCOB_test.CWXTCOB_Scenario_00003.00001: CWXTCOBCase1.CWXTCOB_RPTFILE_FILE_03.00004: CWXTCOB_RPTFILE_FILE_03.RPTFILE assertion" tests="4">
    <testcase classname="CWXTCOB_test.CWXTCOB_Scenario_00003.00001: CWXTCOBCase1.CWXTCOB_RPTFILE_FILE_03.00004: CWXTCOB_RPTFILE_FILE_03.RPTFILE assertion" name="00001: Stub record incomplete">
      <error>Stub record has no output or output is empty.</error>
    </testcase>
  </testsuite>
  <testsuite errors="5" failures="0" name="CWXTCOB_test.CWXTCOB_Scenario_00003.00001: CWXTCOBCase1.CWXTCOB_RPTFILE_FILE_03.00005: CWXTCOB_RPTFILE_FILE_03.RPTFILE assertion" tests="5">
    <testcase classname="CWXTCOB_test.CWXTCOB_Scenario_00003.00001: CWXTCOBCase1.CWXTCOB_RPTFILE_FILE_03.00005: CWXTCOB_RPTFILE_FILE_03.RPTFILE assertion" name="00001: Stub record incomplete">
      <error>Stub record has no output or output is empty.</error>
    </testcase>
  </testsuite>
  <testsuite errors="6" failures="0" name="CWXTCOB_test.CWXTCOB_Scenario_00003.00001: CWXTCOBCase1.CWXTCOB_RPTFILE_FILE_03.00006: CWXTCOB_RPTFILE_FILE_03.RPTFILE assertion" tests="6">
    <testcase classname="CWXTCOB_test.CWXTCOB_Scenario_00003.00001: CWXTCOBCase1.CWXTCOB_RPTFILE_FILE_03.00006: CWXTCOB_RPTFILE_FILE_03.RPTFILE assertion" name="00001: Stub record incomplete">
      <error>Stub record has no output or output is empty.</error>
    </testcase>
  </testsuite>
  <testsuite errors="7" failures="0" name="CWXTCOB_test.CWXTCOB_Scenario_00003.00001: CWXTCOBCase1.CWXTCOB_RPTFILE_FILE_03.00007: CWXTCOB_RPTFILE_FILE_03.RPTFILE assertion" tests="7">
    <testcase classname="CWXTCOB_test.CWXTCOB_Scenario_00003.00001: CWXTCOBCase1.CWXTCOB_RPTFILE_FILE_03.00007: CWXTCOB_RPTFILE_FILE_03.RPTFILE assertion" name="00001: Stub record incomplete">
      <error>Stub record has no output or output is empty.</error>
    </testcase>
  </testsuite>
  <testsuite errors="8" failures="0" name="CWXTCOB_test.CWXTCOB_Scenario_00003.00001: CWXTCOBCase1.CWXTCOB_RPTFILE_FILE_03.00008: CWXTCOB_RPTFILE_FILE_03.RPTFILE assertion" tests="8">
    <testcase classname="CWXTCOB_test.CWXTCOB_Scenario_00003.00001: CWXTCOBCase1.CWXTCOB_RPTFILE_FILE_03.00008: CWXTCOB_RPTFILE_FILE_03.RPTFILE assertion" name="00001: Stub record incomplete">
      <error>Stub record has no output or output is empty.</error>
    </testcase>
  </testsuite>
  <testsuite errors="9" failures="0" name="CWXTCOB_test.CWXTCOB_Scenario_00003.00001: CWXTCOBCase1.CWXTCOB_RPTFILE_FILE_03.00009: CWXTCOB_RPTFILE_FILE_03.RPTFILE assertion" tests="9">
    <testcase classname="CWXTCOB_test.CWXTCOB_Scenario_00003.00001: CWXTCOBCase1.CWXTCOB_RPTFILE_FILE_03.00009: CWXTCOB_RPTFILE_FILE_03.RPTFILE assertion" name="00001: Stub record incomplete">
      <error>Stub record has no output or output is empty.</error>
    </testcase>
  </testsuite>
  <testsuite errors="10" failures="0" name="CWXTCOB_test.CWXTCOB_Scenario_00003.00001: CWXTCOBCase1.CWXTCOB_RPTFILE_FILE_03.00010: CWXTCOB_RPTFILE_FILE_03.RPTFILE assertion" tests="10">
    <testcase classname="CWXTCOB_test.CWXTCOB_Scenario_00003.00001: CWXTCOBCase1.CWXTCOB_RPTFILE_FILE_03.00010: CWXTCOB_RPTFILE_FILE_03.RPTFILE assertion" name="00001: Stub record incomplete">
      <error>Stub record has no output or output is empty.</error>
    </testcase>
  </testsuite>
  <testsuite errors="11" failures="0" name="CWXTCOB_test.CWXTCOB_Scenario_00003.00001: CWXTCOBCase1.CWXTCOB_RPTFILE_FILE_03.00011: CWXTCOB_RPTFILE_FILE_03.RPTFILE assertion" tests="11">
    <testcase classname="CWXTCOB_test.CWXTCOB_Scenario_00003.00001: CWXTCOBCase1.CWXTCOB_RPTFILE_FILE_03.00011: CWXTCOB_RPTFILE_FILE_03.RPTFILE assertion" name="00001: Stub record incomplete">
      <error>Stub record has no output or output is empty.</error>
    </testcase>
  </testsuite>
  <testsuite errors="12" failures="0" name="CWXTCOB_test.CWXTCOB_Scenario_00003.00001: CWXTCOBCase1.CWXTCOB_RPTFILE_FILE_03.00012: CWXTCOB_RPTFILE_FILE_03.RPTFILE assertion" tests="12">
    <testcase classname="CWXTCOB_test.CWXTCOB_Scenario_00003.00001: CWXTCOBCase1.CWXTCOB_RPTFILE_FILE_03.00012: CWXTCOB_RPTFILE_FILE_03.RPTFILE assertion" name="00001: Stub record incomplete">
      <error>Stub record has no output or output is empty.</error>
    </testcase>
  </testsuite>
  <testsuite errors="13" failures="0" name="CWXTCOB_test.CWXTCOB_Scenario_00003.00001: CWXTCOBCase1.CWXTCOB_RPTFILE_FILE_03.00013: CWXTCOB_RPTFILE_FILE_03.RPTFILE assertion" tests="13">
    <testcase classname="CWXTCOB_test.CWXTCOB_Scenario_00003.00001: CWXTCOBCase1.CWXTCOB_RPTFILE_FILE_03.00013: CWXTCOB_RPTFILE_FILE_03.RPTFILE assertion" name="00001: Stub record incomplete">
      <error>Stub record has no output or output is empty.</error>
    </testcase>
  </testsuite>
  <testsuite errors="14" failures="0" name="CWXTCOB_test.CWXTCOB_Scenario_00003.00001: CWXTCOBCase1.CWXTCOB_RPTFILE_FILE_03.00014: CWXTCOB_RPTFILE_FILE_03.RPTFILE assertion" tests="14">
    <testcase classname="CWXTCOB_test.CWXTCOB_Scenario_00003.00001: CWXTCOBCase1.CWXTCOB_RPTFILE_FILE_03.00014: CWXTCOB_RPTFILE_FILE_03.RPTFILE assertion" name="00001: Stub record incomplete">
      <error>Stub record has no output or output is empty.</error>
    </testcase>
  </testsuite>
  <testsuite errors="15" failures="0" name="CWXTCOB_test.CWXTCOB_Scenario_00003.00001: CWXTCOBCase1.CWXTCOB_RPTFILE_FILE_03.00015: CWXTCOB_RPTFILE_FILE_03.RPTFILE assertion" tests="15">
    <testcase classname="CWXTCOB_test.CWXTCOB_Scenario_00003.00001: CWXTCOBCase1.CWXTCOB_RPTFILE_FILE_03.00015: CWXTCOB_RPTFILE_FILE_03.RPTFILE assertion" name="00001: Stub record incomplete">
      <error>Stub record has no output or output is empty.</error>
    </testcase>
  </testsuite>
  <testsuite errors="16" failures="0" name="CWXTCOB_test.CWXTCOB_Scenario_00003.00001: CWXTCOBCase1.CWXTCOB_RPTFILE_FILE_03.00016: CWXTCOB_RPTFILE_FILE_03.RPTFILE assertion" tests="16">
    <testcase classname="CWXTCOB_test.CWXTCOB_Scenario_00003.00001: CWXTCOBCase1.CWXTCOB_RPTFILE_FILE_03.00016: CWXTCOB_RPTFILE_FILE_03.RPTFILE assertion" name="00001: Stub record incomplete">
      <error>Stub record has no output or output is empty.</error>
    </testcase>
  </testsuite>
  <testsuite errors="17" failures="0" name="CWXTCOB_test.CWXTCOB_Scenario_00003.00001: CWXTCOBCase1.CWXTCOB_RPTFILE_FILE_03.00017: CWXTCOB_RPTFILE_FILE_03.RPTFILE assertion" tests="17">
    <testcase classname="CWXTCOB_test.CWXTCOB_Scenario_00003.00001: CWXTCOBCase1.CWXTCOB_RPTFILE_FILE_03.00017: CWXTCOB_RPTFILE_FILE_03.RPTFILE assertion" name="00001: Stub record incomplete">
      <error>Stub record has no output or output is empty.</error>
    </testcase>
  </testsuite>
  <testsuite errors="18" failures="0" name="CWXTCOB_test.CWXTCOB_Scenario_00003.00001: CWXTCOBCase1.CWXTCOB_RPTFILE_FILE_03.00018: CWXTCOB_RPTFILE_FILE_03.RPTFILE assertion" tests="18">
    <testcase classname="CWXTCOB_test.CWXTCOB_Scenario_00003.00001: CWXTCOBCase1.CWXTCOB_RPTFILE_FILE_03.00018: CWXTCOB_RPTFILE_FILE_03.RPTFILE assertion" name="00001: Stub record incomplete">
      <error>Stub record has no output or output is empty.</error>
    </testcase>
  </testsuite>
  <testsuite errors="19" failures="0" name="CWXTCOB_test.CWXTCOB_Scenario_00003.00001: CWXTCOBCase1.CWXTCOB_RPTFILE_FILE_03.00019: CWXTCOB_RPTFILE_FILE_03.RPTFILE assertion" tests="19">
    <testcase classname="CWXTCOB_test.CWXTCOB_Scenario_00003.00001: CWXTCOBCase1.CWXTCOB_RPTFILE_FILE_03.00019: CWXTCOB_RPTFILE_FILE_03.RPTFILE assertion" name="00001: Stub record incomplete">
      <error>Stub record has no output or output is empty.</error>
    </testcase>
  </testsuite>
  <testsuite errors="20" failures="0" name="CWXTCOB_test.CWXTCOB_Scenario_00003.00001: CWXTCOBCase1.CWXTCOB_RPTFILE_FILE_03.00020: CWXTCOB_RPTFILE_FILE_03.RPTFILE assertion" tests="20">
    <testcase classname="CWXTCOB_test.CWXTCOB_Scenario_00003.00001: CWXTCOBCase1.CWXTCOB_RPTFILE_FILE_03.00020: CWXTCOB_RPTFILE_FILE_03.RPTFILE assertion" name="00001: Stub record incomplete">
      <error>Stub record has no output or output is empty.</error>
    </testcase>
  </testsuite>
  <testsuite errors="21" failures="0" name="CWXTCOB_test.CWXTCOB_Scenario_00003.00001: CWXTCOBCase1.CWXTCOB_RPTFILE_FILE_03.00021: CWXTCOB_RPTFILE_FILE_03.RPTFILE assertion" tests="21">
    <testcase classname="CWXTCOB_test.CWXTCOB_Scenario_00003.00001: CWXTCOBCase1.CWXTCOB_RPTFILE_FILE_03.00021: CWXTCOB_RPTFILE_FILE_03.RPTFILE assertion" name="00001: Stub record incomplete">
      <error>Stub record has no output or output is empty.</error>
    </testcase>
  </testsuite>
  <testsuite errors="22" failures="0" name="CWXTCOB_test.CWXTCOB_Scenario_00003.00001: CWXTCOBCase1.CWXTCOB_RPTFILE_FILE_03.00022: CWXTCOB_RPTFILE_FILE_03.RPTFILE assertion" tests="22">
    <testcase classname="CWXTCOB_test.CWXTCOB_Scenario_00003.00001: CWXTCOBCase1.CWXTCOB_RPTFILE_FILE_03.00022: CWXTCOB_RPTFILE_FILE_03.RPTFILE assertion" name="00001: Stub record incomplete">
      <error>Stub record has no output or output is empty.</error>
    </testcase>
  </testsuite>
  <testsuite errors="23" failures="0" name="CWXTCOB_test.CWXTCOB_Scenario_00003.00001: CWXTCOBCase1.CWXTCOB_RPTFILE_FILE_03.00023: CWXTCOB_RPTFILE_FILE_03.RPTFILE assertion" tests="23">
    <testcase classname="CWXTCOB_test.CWXTCOB_Scenario_00003.00001: CWXTCOBCase1.CWXTCOB_RPTFILE_FILE_03.00023: CWXTCOB_RPTFILE_FILE_03.RPTFILE assertion" name="00001: Stub record incomplete">
      <error>Stub record has no output or output is empty.</error>
    </testcase>
  </testsuite>
  <testsuite errors="0" failures="0" name="CWXTCOB_test.CWXTCOB_Scenario_00003.00001: CWXTCOBCase1.CWXTCOB_DATETIME_03.00001: ACCEPT DATE assertion" tests="0">
    <testcase classname="CWXTCOB_test.CWXTCOB_Scenario_00003.00001: CWXTCOBCase1.CWXTCOB_DATETIME_03.00001: ACCEPT DATE assertion" name="ACCEPT DATE"/>
  </testsuite>
</testsuites>