<?xml version="1.0" encoding="UTF-8"?>
<?totaltestVersion 20.1.2.v20200113-1234_111?>
<!--Topaz for Total Test 20.1.2.v20200113-1234_111 2020/03/12 10:33:12-->
<testsuites>
  <testsuite errors="0" failures="0" name="CWXTCOB_test.CWXTSUBC_Scenario.00001: CWXTSUBCCase1" tests="4">
    <testcase classname="CWXTCOB_test.CWXTSUBC_Scenario.00001: CWXTSUBCCase1" name="00001: Check for RETURN_CODE"/>
    <testcase classname="CWXTCOB_test.CWXTSUBC_Scenario.00001: CWXTSUBCCase1" name="00002: Check for EMP_TYPE"/>
    <testcase classname="CWXTCOB_test.CWXTSUBC_Scenario.00001: CWXTSUBCCase1" name="00003: Check for SALES_AMOUNT"/>
    <testcase classname="CWXTCOB_test.CWXTSUBC_Scenario.00001: CWXTSUBCCase1" name="00004: Check for COMM_TOTAL"/>
  </testsuite>
  <testsuite errors="0" failures="0" name="CWXTCOB_test.CWXTSUBC_Scenario.00002: CWXTSUBCCase2" tests="4">
    <testcase classname="CWXTCOB_test.CWXTSUBC_Scenario.00002: CWXTSUBCCase2" name="00001: Check for RETURN_CODE"/>
    <testcase classname="CWXTCOB_test.CWXTSUBC_Scenario.00002: CWXTSUBCCase2" name="00002: Check for EMP_TYPE"/>
    <testcase classname="CWXTCOB_test.CWXTSUBC_Scenario.00002: CWXTSUBCCase2" name="00003: Check for SALES_AMOUNT"/>
    <testcase classname="CWXTCOB_test.CWXTSUBC_Scenario.00002: CWXTSUBCCase2" name="00004: Check for COMM_TOTAL"/>
  </testsuite>
  <testsuite errors="0" failures="0" name="CWXTCOB_test.CWXTSUBC_Scenario.00003: CWXTSUBCCase3" tests="4">
    <testcase classname="CWXTCOB_test.CWXTSUBC_Scenario.00003: CWXTSUBCCase3" name="00001: Check for RETURN_CODE"/>
    <testcase classname="CWXTCOB_test.CWXTSUBC_Scenario.00003: CWXTSUBCCase3" name="00002: Check for EMP_TYPE"/>
    <testcase classname="CWXTCOB_test.CWXTSUBC_Scenario.00003: CWXTSUBCCase3" name="00003: Check for SALES_AMOUNT"/>
    <testcase classname="CWXTCOB_test.CWXTSUBC_Scenario.00003: CWXTSUBCCase3" name="00004: Check for COMM_TOTAL"/>
  </testsuite>
  <testsuite errors="0" failures="0" name="CWXTCOB_test.CWXTSUBC_Scenario.00004: CWXTSUBCCase4" tests="4">
    <testcase classname="CWXTCOB_test.CWXTSUBC_Scenario.00004: CWXTSUBCCase4" name="00001: Check for RETURN_CODE"/>
    <testcase classname="CWXTCOB_test.CWXTSUBC_Scenario.00004: CWXTSUBCCase4" name="00002: Check for EMP_TYPE"/>
    <testcase classname="CWXTCOB_test.CWXTSUBC_Scenario.00004: CWXTSUBCCase4" name="00003: Check for SALES_AMOUNT"/>
    <testcase classname="CWXTCOB_test.CWXTSUBC_Scenario.00004: CWXTSUBCCase4" name="00004: Check for COMM_TOTAL"/>
  </testsuite>
  <testsuite errors="0" failures="1" name="CWXTCOB_test.CWXTSUBC_Scenario.00005: CWXTSUBCCase5" tests="4">
    <testcase classname="CWXTCOB_test.CWXTSUBC_Scenario.00005: CWXTSUBCCase5" name="00001: Check for RETURN_CODE"/>
    <testcase classname="CWXTCOB_test.CWXTSUBC_Scenario.00005: CWXTSUBCCase5" name="00002: Check for EMP_TYPE"/>
    <testcase classname="CWXTCOB_test.CWXTSUBC_Scenario.00005: CWXTSUBCCase5" name="00003: Check for SALES_AMOUNT"/>
    <testcase classname="CWXTCOB_test.CWXTSUBC_Scenario.00005: CWXTSUBCCase5" name="00004: Check for COMM_TOTAL">
      <failure>Check for COMM_TOTAL failed

Actual Value:    1000.00

Expected Value:  = 500.00</failure>
    </testcase>
  </testsuite>
</testsuites>